{
  "uid" : "26d1ef094d119cb3",
  "name" : "Verify navigation bar on the feedback form page",
  "fullName" : "Verify navigation bar on the feedback form page",
  "historyId" : "4051ed1a67e8e060892eb47ab091a4ce",
  "time" : {
    "start" : 1615692463131,
    "stop" : 1615692468523,
    "duration" : 5392
  },
  "status" : "failed",
  "statusMessage" : "Timed out retrying after 4000ms: Expected to find element: `#nav`, but never found it.",
  "statusTrace" : "AssertionError: Timed out retrying after 4000ms: Expected to find element: `#nav`, but never found it.\n    at Context.eval (http://zero.webappsecurity.com/__cypress/tests?p=cypress\\integration\\examples\\navigation.spec.js:142:20)",
  "flaky" : false,
  "newFailed" : false,
  "beforeStages" : [ ],
  "testStage" : {
    "status" : "failed",
    "statusMessage" : "Timed out retrying after 4000ms: Expected to find element: `#nav`, but never found it.",
    "statusTrace" : "AssertionError: Timed out retrying after 4000ms: Expected to find element: `#nav`, but never found it.\n    at Context.eval (http://zero.webappsecurity.com/__cypress/tests?p=cypress\\integration\\examples\\navigation.spec.js:142:20)",
    "steps" : [ {
      "name" : "\"before each\" hook",
      "time" : {
        "start" : 1615692463132,
        "stop" : 1615692463539,
        "duration" : 407
      },
      "status" : "passed",
      "steps" : [ {
        "name" : "visit (\"http://zero.webappsecurity.com\")",
        "time" : {
          "start" : 1615692463242,
          "stop" : 1615692463538,
          "duration" : 296
        },
        "status" : "passed",
        "steps" : [ ],
        "attachments" : [ ],
        "parameters" : [ ],
        "stepsCount" : 0,
        "hasContent" : false,
        "attachmentsCount" : 0,
        "shouldDisplayMessage" : false
      } ],
      "attachments" : [ ],
      "parameters" : [ ],
      "stepsCount" : 1,
      "hasContent" : true,
      "attachmentsCount" : 0,
      "shouldDisplayMessage" : false
    }, {
      "name" : "get (\"#feedback\")",
      "time" : {
        "start" : 1615692463541,
        "stop" : 1615692463551,
        "duration" : 10
      },
      "status" : "passed",
      "steps" : [ ],
      "attachments" : [ ],
      "parameters" : [ ],
      "stepsCount" : 0,
      "hasContent" : false,
      "attachmentsCount" : 0,
      "shouldDisplayMessage" : false
    }, {
      "name" : "click",
      "time" : {
        "start" : 1615692463551,
        "stop" : 1615692463663,
        "duration" : 112
      },
      "status" : "passed",
      "steps" : [ ],
      "attachments" : [ ],
      "parameters" : [ ],
      "stepsCount" : 0,
      "hasContent" : false,
      "attachmentsCount" : 0,
      "shouldDisplayMessage" : false
    }, {
      "name" : "--waiting for new page to load-- page load",
      "time" : {
        "start" : 1615692463663,
        "stop" : 1615692463663,
        "duration" : 0
      },
      "status" : "passed",
      "steps" : [ ],
      "attachments" : [ ],
      "parameters" : [ ],
      "stepsCount" : 0,
      "hasContent" : false,
      "attachmentsCount" : 0,
      "shouldDisplayMessage" : false
    }, {
      "name" : "get (\"#nav\")",
      "time" : {
        "start" : 1615692463663,
        "stop" : 1615692468098,
        "duration" : 4435
      },
      "status" : "passed",
      "steps" : [ ],
      "attachments" : [ ],
      "parameters" : [ ],
      "stepsCount" : 0,
      "hasContent" : false,
      "attachmentsCount" : 0,
      "shouldDisplayMessage" : false
    }, {
      "name" : "#nav get",
      "time" : {
        "start" : 1615692468097,
        "stop" : 1615692468097,
        "duration" : 0
      },
      "status" : "failed",
      "steps" : [ ],
      "attachments" : [ ],
      "parameters" : [ ],
      "stepsCount" : 0,
      "hasContent" : false,
      "attachmentsCount" : 0,
      "shouldDisplayMessage" : false
    }, {
      "name" : "expected **#nav** to be **visible** assert",
      "time" : {
        "start" : 1615692468098,
        "stop" : 1615692468098,
        "duration" : 0
      },
      "status" : "failed",
      "steps" : [ ],
      "attachments" : [ ],
      "parameters" : [ ],
      "stepsCount" : 0,
      "hasContent" : false,
      "attachmentsCount" : 0,
      "shouldDisplayMessage" : false
    } ],
    "attachments" : [ {
      "uid" : "4081eb4378146ad2",
      "name" : "examples\\navigation.spec.js:2021-03-14T03:27:48.103Z",
      "source" : "4081eb4378146ad2.png",
      "type" : "image/png",
      "size" : 124933
    } ],
    "parameters" : [ ],
    "stepsCount" : 8,
    "hasContent" : true,
    "attachmentsCount" : 1,
    "shouldDisplayMessage" : true
  },
  "afterStages" : [ ],
  "labels" : [ {
    "name" : "suite",
    "value" : "Test Suite for Zero Bank"
  }, {
    "name" : "resultFormat",
    "value" : "allure2"
  } ],
  "parameters" : [ ],
  "links" : [ ],
  "hidden" : false,
  "retry" : false,
  "extra" : {
    "severity" : "normal",
    "retries" : [ ],
    "categories" : [ {
      "name" : "Product defects",
      "matchedStatuses" : [ ],
      "flaky" : false
    } ],
    "tags" : [ ]
  },
  "source" : "26d1ef094d119cb3.json",
  "parameterValues" : [ ]
}