{
  "uid" : "6ed7538f750c1a98",
  "name" : "Verify navigation bar on the singin page",
  "fullName" : "Verify navigation bar on the singin page",
  "historyId" : "8830bdad6d363d614141a660dc8116cf",
  "time" : {
    "start" : 1615692468620,
    "stop" : 1615692473867,
    "duration" : 5247
  },
  "status" : "failed",
  "statusMessage" : "Timed out retrying after 4000ms: Expected to find element: `#nav`, but never found it.",
  "statusTrace" : "AssertionError: Timed out retrying after 4000ms: Expected to find element: `#nav`, but never found it.\n    at Context.eval (http://zero.webappsecurity.com/__cypress/tests?p=cypress\\integration\\examples\\navigation.spec.js:148:20)",
  "flaky" : false,
  "newFailed" : false,
  "beforeStages" : [ ],
  "testStage" : {
    "status" : "failed",
    "statusMessage" : "Timed out retrying after 4000ms: Expected to find element: `#nav`, but never found it.",
    "statusTrace" : "AssertionError: Timed out retrying after 4000ms: Expected to find element: `#nav`, but never found it.\n    at Context.eval (http://zero.webappsecurity.com/__cypress/tests?p=cypress\\integration\\examples\\navigation.spec.js:148:20)",
    "steps" : [ {
      "name" : "\"before each\" hook",
      "time" : {
        "start" : 1615692468621,
        "stop" : 1615692469016,
        "duration" : 395
      },
      "status" : "passed",
      "steps" : [ {
        "name" : "visit (\"http://zero.webappsecurity.com\")",
        "time" : {
          "start" : 1615692468657,
          "stop" : 1615692469015,
          "duration" : 358
        },
        "status" : "passed",
        "steps" : [ ],
        "attachments" : [ ],
        "parameters" : [ ],
        "stepsCount" : 0,
        "hasContent" : false,
        "attachmentsCount" : 0,
        "shouldDisplayMessage" : false
      } ],
      "attachments" : [ ],
      "parameters" : [ ],
      "stepsCount" : 1,
      "hasContent" : true,
      "attachmentsCount" : 0,
      "shouldDisplayMessage" : false
    }, {
      "name" : "get (\"#signin_button\")",
      "time" : {
        "start" : 1615692469018,
        "stop" : 1615692469028,
        "duration" : 10
      },
      "status" : "passed",
      "steps" : [ ],
      "attachments" : [ ],
      "parameters" : [ ],
      "stepsCount" : 0,
      "hasContent" : false,
      "attachmentsCount" : 0,
      "shouldDisplayMessage" : false
    }, {
      "name" : "click",
      "time" : {
        "start" : 1615692469028,
        "stop" : 1615692469145,
        "duration" : 117
      },
      "status" : "passed",
      "steps" : [ ],
      "attachments" : [ ],
      "parameters" : [ ],
      "stepsCount" : 0,
      "hasContent" : false,
      "attachmentsCount" : 0,
      "shouldDisplayMessage" : false
    }, {
      "name" : "--waiting for new page to load-- page load",
      "time" : {
        "start" : 1615692469145,
        "stop" : 1615692469145,
        "duration" : 0
      },
      "status" : "passed",
      "steps" : [ ],
      "attachments" : [ ],
      "parameters" : [ ],
      "stepsCount" : 0,
      "hasContent" : false,
      "attachmentsCount" : 0,
      "shouldDisplayMessage" : false
    }, {
      "name" : "get (\"#nav\")",
      "time" : {
        "start" : 1615692469145,
        "stop" : 1615692473372,
        "duration" : 4227
      },
      "status" : "passed",
      "steps" : [ ],
      "attachments" : [ ],
      "parameters" : [ ],
      "stepsCount" : 0,
      "hasContent" : false,
      "attachmentsCount" : 0,
      "shouldDisplayMessage" : false
    }, {
      "name" : "#nav get",
      "time" : {
        "start" : 1615692473371,
        "stop" : 1615692473371,
        "duration" : 0
      },
      "status" : "failed",
      "steps" : [ ],
      "attachments" : [ ],
      "parameters" : [ ],
      "stepsCount" : 0,
      "hasContent" : false,
      "attachmentsCount" : 0,
      "shouldDisplayMessage" : false
    }, {
      "name" : "expected **#nav** to be **visible** assert",
      "time" : {
        "start" : 1615692473372,
        "stop" : 1615692473372,
        "duration" : 0
      },
      "status" : "failed",
      "steps" : [ ],
      "attachments" : [ ],
      "parameters" : [ ],
      "stepsCount" : 0,
      "hasContent" : false,
      "attachmentsCount" : 0,
      "shouldDisplayMessage" : false
    } ],
    "attachments" : [ {
      "uid" : "55e7cf05f67de15",
      "name" : "examples\\navigation.spec.js:2021-03-14T03:27:53.377Z",
      "source" : "55e7cf05f67de15.png",
      "type" : "image/png",
      "size" : 107435
    } ],
    "parameters" : [ ],
    "stepsCount" : 8,
    "hasContent" : true,
    "attachmentsCount" : 1,
    "shouldDisplayMessage" : true
  },
  "afterStages" : [ ],
  "labels" : [ {
    "name" : "suite",
    "value" : "Test Suite for Zero Bank"
  }, {
    "name" : "resultFormat",
    "value" : "allure2"
  } ],
  "parameters" : [ ],
  "links" : [ ],
  "hidden" : true,
  "retry" : true,
  "extra" : {
    "categories" : [ ],
    "tags" : [ ]
  },
  "source" : "6ed7538f750c1a98.json",
  "parameterValues" : [ ]
}