{
  "uid" : "9bc478b8c2b4d221",
  "name" : "Verify the navigation bar on the feedback form page",
  "fullName" : "Verify the navigation bar on the feedback form page",
  "historyId" : "329f2d199ae1d1361c1707e6e8988a8b",
  "time" : {
    "start" : 1615778178360,
    "stop" : 1615778189758,
    "duration" : 11398
  },
  "status" : "failed",
  "statusMessage" : "Timed out retrying after 10000ms: Expected to find element: `#nav`, but never found it.",
  "statusTrace" : "AssertionError: Timed out retrying after 10000ms: Expected to find element: `#nav`, but never found it.\n    at Context.eval (http://zero.webappsecurity.com/__cypress/tests?p=cypress\\integration\\examples\\zeroBank\\zeoBankTests.spec.js:156:33)",
  "flaky" : false,
  "newFailed" : false,
  "beforeStages" : [ ],
  "testStage" : {
    "status" : "failed",
    "statusMessage" : "Timed out retrying after 10000ms: Expected to find element: `#nav`, but never found it.",
    "statusTrace" : "AssertionError: Timed out retrying after 10000ms: Expected to find element: `#nav`, but never found it.\n    at Context.eval (http://zero.webappsecurity.com/__cypress/tests?p=cypress\\integration\\examples\\zeroBank\\zeoBankTests.spec.js:156:33)",
    "steps" : [ {
      "name" : "\"before each\" hook",
      "time" : {
        "start" : 1615778178363,
        "stop" : 1615778178751,
        "duration" : 388
      },
      "status" : "passed",
      "steps" : [ {
        "name" : "fixture (\"zerobank.json\")",
        "time" : {
          "start" : 1615778178406,
          "stop" : 1615778178407,
          "duration" : 1
        },
        "status" : "passed",
        "steps" : [ ],
        "attachments" : [ ],
        "parameters" : [ ],
        "stepsCount" : 0,
        "hasContent" : false,
        "shouldDisplayMessage" : false,
        "attachmentsCount" : 0
      }, {
        "name" : "as (\"testValues\")",
        "time" : {
          "start" : 1615778178407,
          "stop" : 1615778178407,
          "duration" : 0
        },
        "status" : "passed",
        "steps" : [ ],
        "attachments" : [ ],
        "parameters" : [ ],
        "stepsCount" : 0,
        "hasContent" : false,
        "shouldDisplayMessage" : false,
        "attachmentsCount" : 0
      }, {
        "name" : "visit (\"http://zero.webappsecurity.com\")",
        "time" : {
          "start" : 1615778178407,
          "stop" : 1615778178749,
          "duration" : 342
        },
        "status" : "passed",
        "steps" : [ ],
        "attachments" : [ ],
        "parameters" : [ ],
        "stepsCount" : 0,
        "hasContent" : false,
        "shouldDisplayMessage" : false,
        "attachmentsCount" : 0
      } ],
      "attachments" : [ ],
      "parameters" : [ ],
      "stepsCount" : 3,
      "hasContent" : true,
      "shouldDisplayMessage" : false,
      "attachmentsCount" : 0
    }, {
      "name" : "get (\"@testValues\")",
      "time" : {
        "start" : 1615778178754,
        "stop" : 1615778178757,
        "duration" : 3
      },
      "status" : "passed",
      "steps" : [ ],
      "attachments" : [ ],
      "parameters" : [ ],
      "stepsCount" : 0,
      "hasContent" : false,
      "shouldDisplayMessage" : false,
      "attachmentsCount" : 0
    }, {
      "name" : "get (\"#feedback\")",
      "time" : {
        "start" : 1615778178758,
        "stop" : 1615778178769,
        "duration" : 11
      },
      "status" : "passed",
      "steps" : [ ],
      "attachments" : [ ],
      "parameters" : [ ],
      "stepsCount" : 0,
      "hasContent" : false,
      "shouldDisplayMessage" : false,
      "attachmentsCount" : 0
    }, {
      "name" : "click",
      "time" : {
        "start" : 1615778178769,
        "stop" : 1615778178874,
        "duration" : 105
      },
      "status" : "passed",
      "steps" : [ ],
      "attachments" : [ ],
      "parameters" : [ ],
      "stepsCount" : 0,
      "hasContent" : false,
      "shouldDisplayMessage" : false,
      "attachmentsCount" : 0
    }, {
      "name" : "--waiting for new page to load-- page load",
      "time" : {
        "start" : 1615778178874,
        "stop" : 1615778178874,
        "duration" : 0
      },
      "status" : "passed",
      "steps" : [ ],
      "attachments" : [ ],
      "parameters" : [ ],
      "stepsCount" : 0,
      "hasContent" : false,
      "shouldDisplayMessage" : false,
      "attachmentsCount" : 0
    }, {
      "name" : "get (\"#nav\")",
      "time" : {
        "start" : 1615778178874,
        "stop" : 1615778189329,
        "duration" : 10455
      },
      "status" : "passed",
      "steps" : [ ],
      "attachments" : [ ],
      "parameters" : [ ],
      "stepsCount" : 0,
      "hasContent" : false,
      "shouldDisplayMessage" : false,
      "attachmentsCount" : 0
    }, {
      "name" : "#nav get",
      "time" : {
        "start" : 1615778189328,
        "stop" : 1615778189328,
        "duration" : 0
      },
      "status" : "failed",
      "steps" : [ ],
      "attachments" : [ ],
      "parameters" : [ ],
      "stepsCount" : 0,
      "hasContent" : false,
      "shouldDisplayMessage" : false,
      "attachmentsCount" : 0
    }, {
      "name" : "expected **#nav** to be **visible** assert",
      "time" : {
        "start" : 1615778189329,
        "stop" : 1615778189329,
        "duration" : 0
      },
      "status" : "failed",
      "steps" : [ ],
      "attachments" : [ ],
      "parameters" : [ ],
      "stepsCount" : 0,
      "hasContent" : false,
      "shouldDisplayMessage" : false,
      "attachmentsCount" : 0
    } ],
    "attachments" : [ {
      "uid" : "b001eb6f48b8a49e",
      "name" : "examples\\zeroBank\\zeoBankTests.spec.js:2021-03-15T03:16:29.336Z",
      "source" : "b001eb6f48b8a49e.png",
      "type" : "image/png",
      "size" : 124808
    } ],
    "parameters" : [ ],
    "stepsCount" : 11,
    "hasContent" : true,
    "shouldDisplayMessage" : true,
    "attachmentsCount" : 1
  },
  "afterStages" : [ ],
  "labels" : [ {
    "name" : "suite",
    "value" : "Test Suite for Zero Bank"
  }, {
    "name" : "resultFormat",
    "value" : "allure2"
  } ],
  "parameters" : [ ],
  "links" : [ ],
  "hidden" : false,
  "retry" : false,
  "extra" : {
    "severity" : "normal",
    "retries" : [ {
      "uid" : "e38c0ba04f460048",
      "status" : "failed",
      "statusDetails" : "Timed out retrying after 10000ms: Expected to find element: `#nav`, but never found it.",
      "time" : {
        "start" : 1615769628905,
        "stop" : 1615769640571,
        "duration" : 11666
      }
    } ],
    "categories" : [ {
      "name" : "Product defects",
      "matchedStatuses" : [ ],
      "flaky" : false
    } ],
    "tags" : [ ]
  },
  "source" : "9bc478b8c2b4d221.json",
  "parameterValues" : [ ]
}